# JRE version: Java(TM) SE Runtime Environment (26.0.1+8) (build 26.0.1+8-34)
# Java VM: Java HotSpot(TM) 64-Bit Server VM (26.0.1+8-34, mixed mode, sharing, tiered, compressed oops, compressed class ptrs, g1 gc, windows-amd64)
GC Precious Log:
 CardTable entry size: 512
 Card Set container configuration: InlinePtr #cards 4 size 8 Array Of Cards #cards 16 size 48 Howl #buckets 8 coarsen threshold 3686 Howl Bitmap #cards 512 size 80 coarsen threshold 460 Card regions per heap region 1 cards per card region 4096
 CPUs: 16 total, 16 available
 Memory: 15525M
 Large Page Support: Disabled
 NUMA Support: Disabled
 Compressed Oops: Enabled (Zero based)
 Heap Region Size: 2M
 Heap Min Capacity: 8M
 Heap Initial Capacity: 8M
 Heap Max Capacity: 3882M
 Pre-touch: Disabled
 Parallel Workers: 13
 Concurrent Workers: 3
 Concurrent Refinement Workers: 13
 Periodic GC: Disabled
Heap:
 garbage-first heap   total reserved 3975168K, committed 28672K, used 15058K [0x000000070d600000, 0x0000000800000000)
  region size 2M, 3 eden (6M), 1 survivor (2M), 5 old (10M), 0 humongous (0M), 5 free (10M)
GC Heap Usage History (20 events):
Event: 3544.332 {heap Before GC invocations=26 (full 0):
 garbage-first heap   total reserved 3975168K, committed 20480K, used 16938K [0x000000070d600000, 0x0000000800000000)
  region size 2M, 4 eden (8M), 1 survivor (2M), 4 old (8M), 0 humongous (0M), 1 free (2M)
}
Event: 3544.333 {heap After GC invocations=27 (full 0):
 garbage-first heap   total reserved 3975168K, committed 20480K, used 9192K [0x000000070d600000, 0x0000000800000000)
  region size 2M, 0 eden (0M), 1 survivor (2M), 4 old (8M), 0 humongous (0M), 5 free (10M)
}
Event: 3544.357 {heap Before GC invocations=27 (full 0):
 garbage-first heap   total reserved 3975168K, committed 20480K, used 17384K [0x000000070d600000, 0x0000000800000000)
  region size 2M, 4 eden (8M), 1 survivor (2M), 4 old (8M), 0 humongous (0M), 1 free (2M)
}
Event: 3544.358 {heap After GC invocations=28 (full 0):
 garbage-first heap   total reserved 3975168K, committed 20480K, used 10179K [0x000000070d600000, 0x0000000800000000)
  region size 2M, 0 eden (0M), 1 survivor (2M), 4 old (8M), 0 humongous (0M), 5 free (10M)
}
Event: 3544.380 {heap Before GC invocations=28 (full 0):
 garbage-first heap   total reserved 3975168K, committed 20480K, used 18371K [0x000000070d600000, 0x0000000800000000)
  region size 2M, 4 eden (8M), 1 survivor (2M), 4 old (8M), 0 humongous (0M), 1 free (2M)
}
Event: 3544.381 {heap After GC invocations=29 (full 0):
 garbage-first heap   total reserved 3975168K, committed 22528K, used 11110K [0x000000070d600000, 0x0000000800000000)
  region size 2M, 0 eden (0M), 1 survivor (2M), 5 old (10M), 0 humongous (0M), 5 free (10M)
}
Event: 3544.405 {heap Before GC invocations=29 (full 0):
 garbage-first heap   total reserved 3975168K, committed 22528K, used 19302K [0x000000070d600000, 0x0000000800000000)
  region size 2M, 4 eden (8M), 1 survivor (2M), 5 old (10M), 0 humongous (0M), 1 free (2M)
}
Event: 3544.406 {heap After GC invocations=30 (full 0):
 garbage-first heap   total reserved 3975168K, committed 22528K, used 11995K [0x000000070d600000, 0x0000000800000000)
  region size 2M, 0 eden (0M), 1 survivor (2M), 5 old (10M), 0 humongous (0M), 5 free (10M)
}
Event: 3544.424 {heap Before GC invocations=30 (full 0):
 garbage-first heap   total reserved 3975168K, committed 22528K, used 20187K [0x000000070d600000, 0x0000000800000000)
  region size 2M, 4 eden (8M), 1 survivor (2M), 5 old (10M), 0 humongous (0M), 1 free (2M)
}
Event: 3544.425 {heap After GC invocations=31 (full 0):
 garbage-first heap   total reserved 3975168K, committed 24576K, used 12920K [0x000000070d600000, 0x0000000800000000)
  region size 2M, 0 eden (0M), 1 survivor (2M), 6 old (12M), 0 humongous (0M), 5 free (10M)
}
Event: 3551.266 {heap Before GC invocations=32 (full 0):
 garbage-first heap   total reserved 3975168K, committed 24576K, used 21112K [0x000000070d600000, 0x0000000800000000)
  region size 2M, 4 eden (8M), 1 survivor (2M), 6 old (12M), 0 humongous (0M), 1 free (2M)
}
Event: 3551.267 {heap After GC invocations=33 (full 0):
 garbage-first heap   total reserved 3975168K, committed 24576K, used 13345K [0x000000070d600000, 0x0000000800000000)
  region size 2M, 0 eden (0M), 1 survivor (2M), 6 old (12M), 0 humongous (0M), 5 free (10M)
}
Event: 3563.687 {heap Before GC invocations=33 (full 0):
 garbage-first heap   total reserved 3975168K, committed 24576K, used 21537K [0x000000070d600000, 0x0000000800000000)
  region size 2M, 4 eden (8M), 1 survivor (2M), 6 old (12M), 0 humongous (0M), 1 free (2M)
}
Event: 3563.688 {heap After GC invocations=34 (full 0):
 garbage-first heap   total reserved 3975168K, committed 26624K, used 11828K [0x000000070d600000, 0x0000000800000000)
  region size 2M, 0 eden (0M), 1 survivor (2M), 6 old (12M), 0 humongous (0M), 6 free (12M)
}
Event: 4391.814 {heap Before GC invocations=34 (full 0):
 garbage-first heap   total reserved 3975168K, committed 26624K, used 13876K [0x000000070d600000, 0x0000000800000000)
  region size 2M, 2 eden (4M), 1 survivor (2M), 6 old (12M), 0 humongous (0M), 4 free (8M)
}
Event: 4391.815 {heap After GC invocations=35 (full 0):
 garbage-first heap   total reserved 3975168K, committed 26624K, used 11710K [0x000000070d600000, 0x0000000800000000)
  region size 2M, 0 eden (0M), 1 survivor (2M), 6 old (12M), 0 humongous (0M), 6 free (12M)
}
Event: 4409.172 {heap Before GC invocations=36 (full 0):
 garbage-first heap   total reserved 3975168K, committed 26624K, used 23998K [0x000000070d600000, 0x0000000800000000)
  region size 2M, 2 eden (4M), 1 survivor (2M), 6 old (12M), 4 humongous (8M), 0 free (0M)
}
Event: 4409.175 {heap After GC invocations=37 (full 0):
 garbage-first heap   total reserved 3975168K, committed 28672K, used 20002K [0x000000070d600000, 0x0000000800000000)
  region size 2M, 0 eden (0M), 1 survivor (2M), 6 old (12M), 4 humongous (8M), 3 free (6M)
}
Event: 4409.425 {heap Before GC invocations=37 (full 0):
 garbage-first heap   total reserved 3975168K, committed 28672K, used 24098K [0x000000070d600000, 0x0000000800000000)
  region size 2M, 2 eden (4M), 1 survivor (2M), 6 old (12M), 4 humongous (8M), 1 free (2M)
}
Event: 4409.427 {heap After GC invocations=38 (full 0):
 garbage-first heap   total reserved 3975168K, committed 28672K, used 10962K [0x000000070d600000, 0x0000000800000000)
  region size 2M, 0 eden (0M), 1 survivor (2M), 5 old (10M), 0 humongous (0M), 8 free (16M)
}

